Using pre-set license
Built from '2020.3/staging' branch; Version is '2020.3.48f1 (b805b124c6b7) revision 12060081'; Using compiler version '192528614'; Build Type 'Release'
OS: 'Windows 10  (10.0.19044) 64bit Professional' Language: 'ru' Physical Memory: 16315 MB
BatchMode: 1, IsHumanControllingUs: 0, StartBugReporterOnCrash: 0, Is64bit: 1, IsPro: 0

COMMAND LINE ARGUMENTS:
C:\Program Files\Unity\Hub\Editor\2020.3.48f1\Editor\Unity.exe
-adb2
-batchMode
-noUpm
-name
AssetImportWorker0
-projectPath
D:/Projects/Rework
-logFile
Logs/AssetImportWorker0.log
-srvPort
63387
Successfully changed project path to: D:/Projects/Rework
D:/Projects/Rework
Using Asset Import Pipeline V2.
Player connection [20520] Host "[IP] 26.250.68.120 [Port] 1073959072 [Flags] 2 [Guid] 1612590386 [EditorId] 1612590386 [Version] 1048832 [Id] WindowsEditor(7,DESKTOP-G8334RC) [Debug] 1 [PackageName] WindowsEditor [ProjectName] Editor" joined multi-casting on [225.0.0.222:54997]...

Player connection [20520] Host "[IP] 26.250.68.120 [Port] 1073959072 [Flags] 2 [Guid] 1612590386 [EditorId] 1612590386 [Version] 1048832 [Id] WindowsEditor(7,DESKTOP-G8334RC) [Debug] 1 [PackageName] WindowsEditor [ProjectName] Editor" joined alternative multi-casting on [225.0.0.222:34997]...

Refreshing native plugins compatible for Editor in 96.39 ms, found 11 plugins.
Preloading 1 native plugins for Editor in 1.69 ms.
Initialize engine version: 2020.3.48f1 (b805b124c6b7)
[Subsystems] Discovering subsystems at path C:/Program Files/Unity/Hub/Editor/2020.3.48f1/Editor/Data/Resources/UnitySubsystems
[Subsystems] Discovering subsystems at path D:/Projects/Rework/Assets
GfxDevice: creating device client; threaded=0
Direct3D:
    Version:  Direct3D 11.0 [level 11.1]
    Renderer: Radeon(TM) RX 460 Graphics (ID=0x67ef)
    Vendor:   
    VRAM:     2026 MB
    Driver:   31.0.14037.17019
Initialize mono
Mono path[0] = 'C:/Program Files/Unity/Hub/Editor/2020.3.48f1/Editor/Data/Managed'
Mono path[1] = 'C:/Program Files/Unity/Hub/Editor/2020.3.48f1/Editor/Data/MonoBleedingEdge/lib/mono/unityjit'
Mono config path = 'C:/Program Files/Unity/Hub/Editor/2020.3.48f1/Editor/Data/MonoBleedingEdge/etc'
Using monoOptions --debugger-agent=transport=dt_socket,embedding=1,server=y,suspend=n,address=127.0.0.1:56716
Begin MonoManager ReloadAssembly
Registering precompiled unity dll's ...
Register platform support module: C:/Program Files/Unity/Hub/Editor/2020.3.48f1/Editor/Data/PlaybackEngines/WindowsStandaloneSupport/UnityEditor.WindowsStandalone.Extensions.dll
Registered in 0.005279 seconds.
Native extension for WindowsStandalone target not found
Refreshing native plugins compatible for Editor in 85.16 ms, found 11 plugins.
Preloading 1 native plugins for Editor in 0.08 ms.
Mono: successfully reloaded assembly
- Completed reload, in  0.852 seconds
Domain Reload Profiling:
	ReloadAssembly (852ms)
		BeginReloadAssembly (139ms)
			ExecutionOrderSort (0ms)
			DisableScriptedObjects (0ms)
			BackupInstance (0ms)
			ReleaseScriptingObjects (0ms)
			CreateAndSetChildDomain (1ms)
		EndReloadAssembly (615ms)
			LoadAssemblies (136ms)
			RebuildTransferFunctionScriptingTraits (0ms)
			SetupTypeCache (186ms)
			ReleaseScriptCaches (0ms)
			RebuildScriptCaches (34ms)
			SetupLoadedEditorAssemblies (247ms)
				LogAssemblyErrors (0ms)
				InitializePlatformSupportModulesInManaged (5ms)
				SetLoadedEditorAssemblies (0ms)
				RefreshPlugins (85ms)
				BeforeProcessingInitializeOnLoad (17ms)
				ProcessInitializeOnLoadAttributes (105ms)
				ProcessInitializeOnLoadMethodAttributes (35ms)
				AfterProcessingInitializeOnLoad (0ms)
				EditorAssembliesLoaded (0ms)
			ExecutionOrderSort2 (0ms)
			AwakeInstancesAfterBackupRestoration (0ms)
Platform modules already initialized, skipping
Registering precompiled user dll's ...
Registered in 0.005475 seconds.
Begin MonoManager ReloadAssembly
Native extension for WindowsStandalone target not found
Refreshing native plugins compatible for Editor in 86.46 ms, found 11 plugins.
Preloading 1 native plugins for Editor in 0.08 ms.
PXRLog [Build Check]RegisterBuildPlayerHandler,Already Do not show: False
UnityEngine.StackTraceUtility:ExtractStackTrace ()
UnityEngine.DebugLogHandler:LogFormat (UnityEngine.LogType,UnityEngine.Object,string,object[])
UnityEngine.Logger:Log (UnityEngine.LogType,object)
UnityEngine.Debug:Log (object)
Unity.XR.PXR.Editor.PXR_SDKBuildCheck:.cctor () (at D:/SDK/PICO Unity Integration SDK-220/Editor/PXR_SDKBuildCheck.cs:30)
System.Runtime.CompilerServices.RuntimeHelpers:RunClassConstructor (System.RuntimeTypeHandle)
UnityEditor.EditorAssemblies:ProcessInitializeOnLoadAttributes (System.Type[])

(Filename: D:/SDK/PICO Unity Integration SDK-220/Editor/PXR_SDKBuildCheck.cs Line: 30)

Mono: successfully reloaded assembly
- Completed reload, in  2.376 seconds
Domain Reload Profiling:
	ReloadAssembly (2377ms)
		BeginReloadAssembly (181ms)
			ExecutionOrderSort (0ms)
			DisableScriptedObjects (6ms)
			BackupInstance (0ms)
			ReleaseScriptingObjects (0ms)
			CreateAndSetChildDomain (20ms)
		EndReloadAssembly (2115ms)
			LoadAssemblies (160ms)
			RebuildTransferFunctionScriptingTraits (0ms)
			SetupTypeCache (441ms)
			ReleaseScriptCaches (1ms)
			RebuildScriptCaches (75ms)
			SetupLoadedEditorAssemblies (1297ms)
				LogAssemblyErrors (0ms)
				InitializePlatformSupportModulesInManaged (4ms)
				SetLoadedEditorAssemblies (0ms)
				RefreshPlugins (87ms)
				BeforeProcessingInitializeOnLoad (129ms)
				ProcessInitializeOnLoadAttributes (1051ms)
				ProcessInitializeOnLoadMethodAttributes (13ms)
				AfterProcessingInitializeOnLoad (12ms)
				EditorAssembliesLoaded (0ms)
			ExecutionOrderSort2 (0ms)
			AwakeInstancesAfterBackupRestoration (2ms)
Platform modules already initialized, skipping
========================================================================
Worker process is ready to serve import requests
Launched and connected shader compiler UnityShaderCompiler.exe after 0.06 seconds
Refreshing native plugins compatible for Editor in 0.88 ms, found 11 plugins.
Preloading 1 native plugins for Editor in 0.06 ms.
Unloading 3899 Unused Serialized files (Serialized files now loaded: 0)
System memory in use before: 169.9 MB.
System memory in use after: 170.1 MB.

Unloading 40 unused Assets to reduce memory usage. Loaded Objects now: 4321.
Total: 4.483900 ms (FindLiveObjects: 0.316800 ms CreateObjectMapping: 0.109700 ms MarkObjects: 3.979200 ms  DeleteObjects: 0.076900 ms)

AssetImportParameters requested are different than current active one (requested -> active):
  custom:framework-win-MediaFoundation: 216162199b28c13a410421893ffa2e32 -> 
  custom:video-decoder-ogg-theora: a1e56fd34408186e4bbccfd4996cb3dc -> 
  custom:container-muxer-webm: aa71ff27fc2769a1b78a27578f13a17b -> 
  custom:container-demuxer-webm: 4f35f7cbe854078d1ac9338744f61a02 -> 
  custom:container-demuxer-ogg: 62fdf1f143b41e24485cea50d1cbac27 -> 
  custom:video-encoder-webm-vp8: eb34c28f22e8b96e1ab97ce403110664 -> 
  custom:video-decoder-webm-vp8: 9c59270c3fd7afecdb556c50c9e8de78 -> 
  custom:audio-decoder-ogg-vorbis: bf7c407c2cedff20999df2af8eb42d56 -> 
  custom:audio-encoder-webm-vorbis: bf7c407c2cedff20999df2af8eb42d56 -> 
========================================================================
Received Import Request.
  path: Assets/Prefabs/vr/Texture/BodyWear_FabricTexture.jpg
  artifactKey: Guid(df1dc28390ffdde4b9a49dc6fd711797) Importer(815301076,1909f56bfc062723c751e8b465ee728b)
Start importing Assets/Prefabs/vr/Texture/BodyWear_FabricTexture.jpg using Guid(df1dc28390ffdde4b9a49dc6fd711797) Importer(815301076,1909f56bfc062723c751e8b465ee728b)  -> (artifact id: '73b5d904146ad34566691c1253676e08') in 0.226979 seconds 
========================================================================
Received Import Request.
  Time since last request: 0.000249 seconds.
  path: Assets/Prefabs/vr/Texture/Eyelashesh.jpg
  artifactKey: Guid(c7ae710c2fbed794d90d999af915e480) Importer(815301076,1909f56bfc062723c751e8b465ee728b)
Start importing Assets/Prefabs/vr/Texture/Eyelashesh.jpg using Guid(c7ae710c2fbed794d90d999af915e480) Importer(815301076,1909f56bfc062723c751e8b465ee728b)  -> (artifact id: '9cfa613a63ff4fff2d2d3b502c238e2f') in 0.088910 seconds 
========================================================================
Received Import Request.
  Time since last request: 0.000273 seconds.
  path: Assets/Prefabs/vr/Texture/Hair_O.png
  artifactKey: Guid(ee132501f61b8c640bedb12aa2384006) Importer(815301076,1909f56bfc062723c751e8b465ee728b)
Start importing Assets/Prefabs/vr/Texture/Hair_O.png using Guid(ee132501f61b8c640bedb12aa2384006) Importer(815301076,1909f56bfc062723c751e8b465ee728b)  -> (artifact id: 'f68033530a26203a054dcb3fa434b889') in 0.359495 seconds 
========================================================================
Received Import Request.
  Time since last request: 0.000316 seconds.
  path: Assets/Prefabs/vr/Texture/Lips_Base_color.png
  artifactKey: Guid(f21d88b8d03a27145bcbc8099b3380a6) Importer(815301076,1909f56bfc062723c751e8b465ee728b)
Start importing Assets/Prefabs/vr/Texture/Lips_Base_color.png using Guid(f21d88b8d03a27145bcbc8099b3380a6) Importer(815301076,1909f56bfc062723c751e8b465ee728b)  -> (artifact id: 'bdc9e7f2bc400a49ff1b9073f6e66c8f') in 0.341483 seconds 
========================================================================
Received Import Request.
  Time since last request: 0.000256 seconds.
  path: Assets/Prefabs/vr/Texture/Fingernails_Base_color.png
  artifactKey: Guid(f4e5fb9eff2771749838d4d2a6a12409) Importer(815301076,1909f56bfc062723c751e8b465ee728b)
Start importing Assets/Prefabs/vr/Texture/Fingernails_Base_color.png using Guid(f4e5fb9eff2771749838d4d2a6a12409) Importer(815301076,1909f56bfc062723c751e8b465ee728b)  -> (artifact id: 'e760fa7cdb26c6c314ecfb78dfafdb2d') in 0.071083 seconds 
========================================================================
Received Import Request.
  Time since last request: 0.000258 seconds.
  path: Assets/Prefabs/vr/Texture/Ears_Base_color.png
  artifactKey: Guid(f95c31793816d544a825b9e7095eda88) Importer(815301076,1909f56bfc062723c751e8b465ee728b)
Start importing Assets/Prefabs/vr/Texture/Ears_Base_color.png using Guid(f95c31793816d544a825b9e7095eda88) Importer(815301076,1909f56bfc062723c751e8b465ee728b)  -> (artifact id: '4ae66ace592ca64475fce3aa896b9bbc') in 0.243505 seconds 
========================================================================
Received Import Request.
  Time since last request: 0.000270 seconds.
  path: Assets/Prefabs/vr/Texture/FaceSkin_Microdetails.tif
  artifactKey: Guid(f62ef35fa9aef244d9af82f7e13b106b) Importer(815301076,1909f56bfc062723c751e8b465ee728b)
Start importing Assets/Prefabs/vr/Texture/FaceSkin_Microdetails.tif using Guid(f62ef35fa9aef244d9af82f7e13b106b) Importer(815301076,1909f56bfc062723c751e8b465ee728b)  -> (artifact id: 'e623f5e1f714caa013fc102c51f7e21a') in 0.151909 seconds 
========================================================================
Received Import Request.
  Time since last request: 0.000257 seconds.
  path: Assets/Prefabs/vr/Texture/Lips_B.png
  artifactKey: Guid(09411c1a88969f34ea991a06fc31d90c) Importer(815301076,1909f56bfc062723c751e8b465ee728b)
Start importing Assets/Prefabs/vr/Texture/Lips_B.png using Guid(09411c1a88969f34ea991a06fc31d90c) Importer(815301076,1909f56bfc062723c751e8b465ee728b)  -> (artifact id: 'fd53c7a2d83c72d42164e5f3ab976280') in 0.244248 seconds 
========================================================================
Received Import Request.
  Time since last request: 0.000254 seconds.
  path: Assets/Prefabs/vr/Texture/Legs_Base_color.png
  artifactKey: Guid(b409413f03a33d348bf203677e55479b) Importer(815301076,1909f56bfc062723c751e8b465ee728b)
Start importing Assets/Prefabs/vr/Texture/Legs_Base_color.png using Guid(b409413f03a33d348bf203677e55479b) Importer(815301076,1909f56bfc062723c751e8b465ee728b)  -> (artifact id: 'c5eb5991a21e1c1abd140fd164baa27d') in 0.249648 seconds 
========================================================================
Received Import Request.
  Time since last request: 0.000232 seconds.
  path: Assets/Prefabs/vr/Texture/SkinMicroDetail_Full body.tif
  artifactKey: Guid(12bd0a2c84dec8d439477466749a02db) Importer(815301076,1909f56bfc062723c751e8b465ee728b)
Start importing Assets/Prefabs/vr/Texture/SkinMicroDetail_Full body.tif using Guid(12bd0a2c84dec8d439477466749a02db) Importer(815301076,1909f56bfc062723c751e8b465ee728b)  -> (artifact id: '12f8f4a4d5024e47005464145787746e') in 0.057359 seconds 
========================================================================
Received Import Request.
  Time since last request: 0.000303 seconds.
  path: Assets/Prefabs/vr/Texture/fabriic_Alpha_00000.png
  artifactKey: Guid(7d7186ac3fe1e494586d4dea68a6f4a0) Importer(815301076,1909f56bfc062723c751e8b465ee728b)
Start importing Assets/Prefabs/vr/Texture/fabriic_Alpha_00000.png using Guid(7d7186ac3fe1e494586d4dea68a6f4a0) Importer(815301076,1909f56bfc062723c751e8b465ee728b)  -> (artifact id: '467d3c4d1eb901a131637c191ab680da') in 0.224695 seconds 
========================================================================
Received Import Request.
  Time since last request: 0.000247 seconds.
  path: Assets/Prefabs/vr/Texture/Torso_B.png
  artifactKey: Guid(ab7c59ec7b8f3424cb930d87804ac271) Importer(815301076,1909f56bfc062723c751e8b465ee728b)
Start importing Assets/Prefabs/vr/Texture/Torso_B.png using Guid(ab7c59ec7b8f3424cb930d87804ac271) Importer(815301076,1909f56bfc062723c751e8b465ee728b)  -> (artifact id: 'c86c4625bf62aa75d4addc582dbd9dfc') in 0.209907 seconds 
========================================================================
Received Import Request.
  Time since last request: 0.000231 seconds.
  path: Assets/Prefabs/vr/Texture/Face_Base_color.png
  artifactKey: Guid(e21fe330a6c586a478cf853e9d30a671) Importer(815301076,1909f56bfc062723c751e8b465ee728b)
Start importing Assets/Prefabs/vr/Texture/Face_Base_color.png using Guid(e21fe330a6c586a478cf853e9d30a671) Importer(815301076,1909f56bfc062723c751e8b465ee728b)  -> (artifact id: 'd1d5e4e695b82a714636d73f206521df') in 0.246238 seconds 
========================================================================
Received Import Request.
  Time since last request: 0.000265 seconds.
  path: Assets/Prefabs/vr/Texture/image.jpg
  artifactKey: Guid(4213fca2b760c574a91f966ee048c20b) Importer(815301076,1909f56bfc062723c751e8b465ee728b)
Start importing Assets/Prefabs/vr/Texture/image.jpg using Guid(4213fca2b760c574a91f966ee048c20b) Importer(815301076,1909f56bfc062723c751e8b465ee728b)  -> (artifact id: '2223160e5f100973c099b89664cdc97f') in 0.080251 seconds 
========================================================================
Received Import Request.
  Time since last request: 0.000284 seconds.
  path: Assets/Prefabs/vr/Texture/Toenails_Base_color.png
  artifactKey: Guid(57b772f7b774a794b88954675faa5e7f) Importer(815301076,1909f56bfc062723c751e8b465ee728b)
Start importing Assets/Prefabs/vr/Texture/Toenails_Base_color.png using Guid(57b772f7b774a794b88954675faa5e7f) Importer(815301076,1909f56bfc062723c751e8b465ee728b)  -> (artifact id: 'd234613d20589e512133cf9790a92143') in 0.082516 seconds 
========================================================================
Received Import Request.
  Time since last request: 0.000291 seconds.
  path: Assets/Prefabs/vr/Texture/Hair_N.png
  artifactKey: Guid(2c63ceff8e003bb41b9a7e3d74807a40) Importer(815301076,1909f56bfc062723c751e8b465ee728b)
Start importing Assets/Prefabs/vr/Texture/Hair_N.png using Guid(2c63ceff8e003bb41b9a7e3d74807a40) Importer(815301076,1909f56bfc062723c751e8b465ee728b)  -> (artifact id: '136dfb393619f2998f4d35e9ad7469f0') in 0.214061 seconds 
========================================================================
Received Import Request.
  Time since last request: 0.000263 seconds.
  path: Assets/Prefabs/vr/Texture/bodywear.mcP9R.png
  artifactKey: Guid(72700d8eeda6cfc4d9d0a1e822fc12df) Importer(815301076,1909f56bfc062723c751e8b465ee728b)
Start importing Assets/Prefabs/vr/Texture/bodywear.mcP9R.png using Guid(72700d8eeda6cfc4d9d0a1e822fc12df) Importer(815301076,1909f56bfc062723c751e8b465ee728b)  -> (artifact id: '96dbdef92f855c5d2a1c6da3ffaf535c') in 3.350855 seconds 
========================================================================
Received Import Request.
  Time since last request: 0.000359 seconds.
  path: Assets/Prefabs/vr/Texture/Arms_Base_color.png
  artifactKey: Guid(1f17b539dc8fecf4d98e209b3d80a6ca) Importer(815301076,1909f56bfc062723c751e8b465ee728b)
Start importing Assets/Prefabs/vr/Texture/Arms_Base_color.png using Guid(1f17b539dc8fecf4d98e209b3d80a6ca) Importer(815301076,1909f56bfc062723c751e8b465ee728b)  -> (artifact id: 'df30ac9ab263a25183b4ab3f90ea2752') in 0.282203 seconds 
========================================================================
Received Import Request.
  Time since last request: 0.000332 seconds.
  path: Assets/Prefabs/vr/Texture/Arms_B_00000.png
  artifactKey: Guid(a9cb3be1e0836a54c9da4f1b4a2866ca) Importer(815301076,1909f56bfc062723c751e8b465ee728b)
Start importing Assets/Prefabs/vr/Texture/Arms_B_00000.png using Guid(a9cb3be1e0836a54c9da4f1b4a2866ca) Importer(815301076,1909f56bfc062723c751e8b465ee728b)  -> (artifact id: '9bebd75a67e025b48da867918056dc4a') in 0.271230 seconds 
========================================================================
Received Import Request.
  Time since last request: 0.000356 seconds.
  path: Assets/Prefabs/vr/Texture/Torso_Base_color.png
  artifactKey: Guid(d48bd739200d02f44bfc03e26932939a) Importer(815301076,1909f56bfc062723c751e8b465ee728b)
Start importing Assets/Prefabs/vr/Texture/Torso_Base_color.png using Guid(d48bd739200d02f44bfc03e26932939a) Importer(815301076,1909f56bfc062723c751e8b465ee728b)  -> (artifact id: 'bf54792458bb73882663d58fb52b155b') in 0.349571 seconds 
========================================================================
Received Import Request.
  Time since last request: 0.000375 seconds.
  path: Assets/Prefabs/vr/Texture/Face_B_00000.png
  artifactKey: Guid(4a103f52c04e2d045b9aac478a3bac64) Importer(815301076,1909f56bfc062723c751e8b465ee728b)
Start importing Assets/Prefabs/vr/Texture/Face_B_00000.png using Guid(4a103f52c04e2d045b9aac478a3bac64) Importer(815301076,1909f56bfc062723c751e8b465ee728b)  -> (artifact id: '304d4aa7e417cb0ab2bd96420077da61') in 0.335806 seconds 
========================================================================
Received Import Request.
  Time since last request: 0.000403 seconds.
  path: Assets/Prefabs/vr/Texture/Ears_B.png
  artifactKey: Guid(e606c2d62bd352a4998d6a0ad7a0cc78) Importer(815301076,1909f56bfc062723c751e8b465ee728b)
Start importing Assets/Prefabs/vr/Texture/Ears_B.png using Guid(e606c2d62bd352a4998d6a0ad7a0cc78) Importer(815301076,1909f56bfc062723c751e8b465ee728b)  -> (artifact id: '9e4531602389e71938bdaa6598aee1b2') in 0.081257 seconds 
========================================================================
Received Import Request.
  Time since last request: 0.000307 seconds.
  path: Assets/Prefabs/vr/Texture/BodyWear.png
  artifactKey: Guid(08dd61b199512ad4e954ac7f72d0a258) Importer(815301076,1909f56bfc062723c751e8b465ee728b)
Start importing Assets/Prefabs/vr/Texture/BodyWear.png using Guid(08dd61b199512ad4e954ac7f72d0a258) Importer(815301076,1909f56bfc062723c751e8b465ee728b)  -> (artifact id: 'ee45b0e6701f08246a0576df72ad85f9') in 0.082647 seconds 
========================================================================
Received Import Request.
  Time since last request: 0.000498 seconds.
  path: Assets/Prefabs/vr/Texture/Legs_B.png
  artifactKey: Guid(586d217c454a11349b979560a9c3b3d3) Importer(815301076,1909f56bfc062723c751e8b465ee728b)
Start importing Assets/Prefabs/vr/Texture/Legs_B.png using Guid(586d217c454a11349b979560a9c3b3d3) Importer(815301076,1909f56bfc062723c751e8b465ee728b)  -> (artifact id: 'e365eb9225e2b5b8773ee79dd16b396f') in 0.271099 seconds 
========================================================================
Received Import Request.
  Time since last request: 0.000324 seconds.
  path: Assets/Prefabs/vr/Texture/Fabric_bump.jpg
  artifactKey: Guid(134b2134107280b409e06c8b45d98f0e) Importer(815301076,1909f56bfc062723c751e8b465ee728b)
Start importing Assets/Prefabs/vr/Texture/Fabric_bump.jpg using Guid(134b2134107280b409e06c8b45d98f0e) Importer(815301076,1909f56bfc062723c751e8b465ee728b)  -> (artifact id: '8ce6fb60d4726a28bbd12eb97e6225ed') in 0.078956 seconds 
========================================================================
Received Import Request.
  Time since last request: 0.000317 seconds.
  path: Assets/Prefabs/vr/Texture/lacrimal.png
  artifactKey: Guid(65aa0cbc571e2d74e94cacaef3d6afb8) Importer(815301076,1909f56bfc062723c751e8b465ee728b)
Start importing Assets/Prefabs/vr/Texture/lacrimal.png using Guid(65aa0cbc571e2d74e94cacaef3d6afb8) Importer(815301076,1909f56bfc062723c751e8b465ee728b)  -> (artifact id: '81fa99cba0b5d9632af31f9cb66075e1') in 0.282962 seconds 
========================================================================
Received Import Request.
  Time since last request: 85.910986 seconds.
  path: Assets/Prefabs/vr/Texture/image 1.jpg
  artifactKey: Guid(b7e3df7ea99dae244812647adfacb94c) Importer(815301076,1909f56bfc062723c751e8b465ee728b)
Start importing Assets/Prefabs/vr/Texture/image 1.jpg using Guid(b7e3df7ea99dae244812647adfacb94c) Importer(815301076,1909f56bfc062723c751e8b465ee728b)  -> (artifact id: '6cc3878516e50a3944191a61b2792cc8') in 0.081281 seconds 
AssetImportWorkerClient::OnTransportError - code=2 error=End of file
